[+] Building 973.8s (12/12) FINISHED                                                                        docker:default
 => [internal] load build definition from Dockerfile                                                                  0.0s
 => => transferring dockerfile: 2.30kB                                                                                0.0s
 => [internal] load metadata for quay.io/pawsey/mpich-base:3.4.3_ubuntu20.04                                          0.0s
 => [internal] load .dockerignore                                                                                     0.0s
 => => transferring context: 2B                                                                                       0.0s
 => [1/8] FROM quay.io/pawsey/mpich-base:3.4.3_ubuntu20.04                                                            0.0s
 => CACHED [2/8] RUN apt-get update && apt-get install -y     software-properties-common wget     && wget -O - https  0.0s
 => CACHED [3/8] RUN apt-get install -y     libscotch-dev     openfoam-deps     paraview-dev     libfl-dev     git    0.0s
 => CACHED [4/8] RUN mkdir -p /opt/OpenFOAM &&     cd /opt/OpenFOAM &&     git clone https://github.com/OpenFOAM/Ope  0.0s
 => CACHED [5/8] RUN echo "export MPI_ARCH_FLAGS='-I/usr/include/mpich'" >> /opt/OpenFOAM/OpenFOAM-10/etc/prefs.sh &  0.0s
 => [6/8] RUN source /opt/OpenFOAM/OpenFOAM-10/etc/bashrc &&     cd /opt/OpenFOAM/OpenFOAM-10 &&     ./Allwmake -j  967.0s
 => [7/8] RUN if [ "false" = "true" ]; then       git clone https://github.com/micmog/LaserbeamFoam.git /opt/OpenFOA  0.1s 
 => [8/8] WORKDIR /home/openfoam                                                                                      0.0s 
 => exporting to image                                                                                                6.6s 
 => => exporting layers                                                                                               6.6s 
 => => writing image sha256:c8620e7fa72fc9bcfd261ea0533b03a509650ce0f0df646f74229e907b1c607b                          0.0s 
 => => naming to docker.io/library/openfoam10-mpich                                                                   0.0s 
mzomoro1@EN4226751:~/code/openfoam-container$ ls
case           Dockerfile        openfoam.sif   run_sif_Sol                   Singularity.def
clean_case.sh  Dockerfile_v2212  run_sif_local  run_singularity_container.sh
mzomoro1@EN4226751:~/code/openfoam-container$ docker images
REPOSITORY                  TAG                 IMAGE ID       CREATED         SIZE
openfoam10                  mpich              c8620e7fa72f   2 hours ago     5.18GB

